[
  {
    "line": 1,
    "elements": [
      {
        "before": [
          {
            "result": {
              "duration": 1850500,
              "status": "passed"
            },
            "match": {
              "location": "Step_Def.beforeHooks(Scenario)"
            }
          }
        ],
        "line": 14,
        "name": "Login",
        "description": "",
        "id": "hotel-booking-in-adactin-application;login;;2",
        "after": [
          {
            "result": {
              "duration": 228200,
              "status": "passed"
            },
            "match": {
              "location": "Step_Def.afterhooks(Scenario)"
            }
          }
        ],
        "type": "scenario",
        "keyword": "Scenario Outline",
        "steps": [
          {
            "result": {
              "duration": 13767189300,
              "status": "passed"
            },
            "line": 6,
            "name": "user Launch The Application",
            "match": {
              "location": "Step_Def.user_Launch_The_Application()"
            },
            "keyword": "Given "
          },
          {
            "result": {
              "duration": 304943700,
              "status": "passed"
            },
            "line": 7,
            "name": "user Enter The \"A\" In Username Field",
            "match": {
              "arguments": [
                {
                  "val": "A",
                  "offset": 16
                }
              ],
              "location": "Step_Def.user_Enter_The_In_Username_Field(String)"
            },
            "matchedColumns": [
              0
            ],
            "keyword": "When "
          },
          {
            "result": {
              "duration": 138804700,
              "status": "passed"
            },
            "line": 8,
            "name": "user Enter The \"123\"In Password Filed",
            "match": {
              "arguments": [
                {
                  "val": "123",
                  "offset": 16
                }
              ],
              "location": "Step_Def.user_Enter_The_In_Password_Filed(String)"
            },
            "matchedColumns": [
              2
            ],
            "keyword": "And "
          },
          {
            "result": {
              "status": "undefined"
            },
            "line": 9,
            "name": "user Click The Login Button And It Navigates To The Search Hotel Page",
            "match": {},
            "keyword": "Then "
          }
        ],
        "tags": [
          {
            "line": 3,
            "name": "@Ad1"
          }
        ]
      },
      {
        "before": [
          {
            "result": {
              "duration": 190400,
              "status": "passed"
            },
            "match": {
              "location": "Step_Def.beforeHooks(Scenario)"
            }
          }
        ],
        "line": 15,
        "name": "Login",
        "description": "",
        "id": "hotel-booking-in-adactin-application;login;;3",
        "after": [
          {
            "result": {
              "duration": 125800,
              "status": "passed"
            },
            "match": {
              "location": "Step_Def.afterhooks(Scenario)"
            }
          }
        ],
        "type": "scenario",
        "keyword": "Scenario Outline",
        "steps": [
          {
            "result": {
              "duration": 247968600,
              "status": "passed"
            },
            "line": 6,
            "name": "user Launch The Application",
            "match": {
              "location": "Step_Def.user_Launch_The_Application()"
            },
            "keyword": "Given "
          },
          {
            "result": {
              "duration": 173542100,
              "status": "passed"
            },
            "line": 7,
            "name": "user Enter The \"B\" In Username Field",
            "match": {
              "arguments": [
                {
                  "val": "B",
                  "offset": 16
                }
              ],
              "location": "Step_Def.user_Enter_The_In_Username_Field(String)"
            },
            "matchedColumns": [
              0
            ],
            "keyword": "When "
          },
          {
            "result": {
              "duration": 138995700,
              "status": "passed"
            },
            "line": 8,
            "name": "user Enter The \"234\"In Password Filed",
            "match": {
              "arguments": [
                {
                  "val": "234",
                  "offset": 16
                }
              ],
              "location": "Step_Def.user_Enter_The_In_Password_Filed(String)"
            },
            "matchedColumns": [
              2
            ],
            "keyword": "And "
          },
          {
            "result": {
              "status": "undefined"
            },
            "line": 9,
            "name": "user Click The Login Button And It Navigates To The Search Hotel Page",
            "match": {},
            "keyword": "Then "
          }
        ],
        "tags": [
          {
            "line": 3,
            "name": "@Ad1"
          }
        ]
      },
      {
        "before": [
          {
            "result": {
              "duration": 215100,
              "status": "passed"
            },
            "match": {
              "location": "Step_Def.beforeHooks(Scenario)"
            }
          }
        ],
        "line": 16,
        "name": "Login",
        "description": "",
        "id": "hotel-booking-in-adactin-application;login;;4",
        "after": [
          {
            "result": {
              "duration": 107800,
              "status": "passed"
            },
            "match": {
              "location": "Step_Def.afterhooks(Scenario)"
            }
          }
        ],
        "type": "scenario",
        "keyword": "Scenario Outline",
        "steps": [
          {
            "result": {
              "duration": 287409200,
              "status": "passed"
            },
            "line": 6,
            "name": "user Launch The Application",
            "match": {
              "location": "Step_Def.user_Launch_The_Application()"
            },
            "keyword": "Given "
          },
          {
            "result": {
              "duration": 295566000,
              "status": "passed"
            },
            "line": 7,
            "name": "user Enter The \"velanvic\" In Username Field",
            "match": {
              "arguments": [
                {
                  "val": "velanvic",
                  "offset": 16
                }
              ],
              "location": "Step_Def.user_Enter_The_In_Username_Field(String)"
            },
            "matchedColumns": [
              0
            ],
            "keyword": "When "
          },
          {
            "result": {
              "duration": 170373100,
              "status": "passed"
            },
            "line": 8,
            "name": "user Enter The \"B8QDAM\"In Password Filed",
            "match": {
              "arguments": [
                {
                  "val": "B8QDAM",
                  "offset": 16
                }
              ],
              "location": "Step_Def.user_Enter_The_In_Password_Filed(String)"
            },
            "matchedColumns": [
              2
            ],
            "keyword": "And "
          },
          {
            "result": {
              "status": "undefined"
            },
            "line": 9,
            "name": "user Click The Login Button And It Navigates To The Search Hotel Page",
            "match": {},
            "keyword": "Then "
          }
        ],
        "tags": [
          {
            "line": 3,
            "name": "@Ad1"
          }
        ]
      },
      {
        "before": [
          {
            "result": {
              "duration": 248700,
              "status": "passed"
            },
            "match": {
              "location": "Step_Def.beforeHooks(Scenario)"
            }
          }
        ],
        "line": 19,
        "name": "User Seach And Select The Room And Details In The Search Hotel Page",
        "description": "",
        "id": "hotel-booking-in-adactin-application;user-seach-and-select-the-room-and-details-in-the-search-hotel-page",
        "after": [
          {
            "result": {
              "duration": 1825460300,
              "error_message": "java.lang.IllegalArgumentException: Parameter \u0027destFile\u0027 is not a file: C:\\Users\\Admin\\eclipse-workspace\\Cucumber_Project\\Screenshot\r\n\tat org.apache.commons.io.FileUtils.requireFile(FileUtils.java:2737)\r\n\tat org.apache.commons.io.FileUtils.requireFileIfExists(FileUtils.java:2766)\r\n\tat org.apache.commons.io.FileUtils.copyFile(FileUtils.java:844)\r\n\tat org.apache.commons.io.FileUtils.copyFile(FileUtils.java:756)\r\n\tat com.sd.Step_Def.afterhooks(Step_Def.java:52)\r\n\tat sun.reflect.NativeMethodAccessorImpl.invoke0(Native Method)\r\n\tat sun.reflect.NativeMethodAccessorImpl.invoke(Unknown Source)\r\n\tat sun.reflect.DelegatingMethodAccessorImpl.invoke(Unknown Source)\r\n\tat java.lang.reflect.Method.invoke(Unknown Source)\r\n\tat cucumber.runtime.Utils$1.call(Utils.java:40)\r\n\tat cucumber.runtime.Timeout.timeout(Timeout.java:16)\r\n\tat cucumber.runtime.Utils.invoke(Utils.java:34)\r\n\tat cucumber.runtime.java.JavaHookDefinition.execute(JavaHookDefinition.java:60)\r\n\tat cucumber.runtime.Runtime.runHookIfTagsMatch(Runtime.java:224)\r\n\tat cucumber.runtime.Runtime.runHooks(Runtime.java:212)\r\n\tat cucumber.runtime.Runtime.runAfterHooks(Runtime.java:206)\r\n\tat cucumber.runtime.model.CucumberScenario.run(CucumberScenario.java:46)\r\n\tat cucumber.runtime.junit.ExecutionUnitRunner.run(ExecutionUnitRunner.java:102)\r\n\tat cucumber.runtime.junit.FeatureRunner.runChild(FeatureRunner.java:63)\r\n\tat cucumber.runtime.junit.FeatureRunner.runChild(FeatureRunner.java:18)\r\n\tat org.junit.runners.ParentRunner$3.run(ParentRunner.java:290)\r\n\tat org.junit.runners.ParentRunner$1.schedule(ParentRunner.java:71)\r\n\tat org.junit.runners.ParentRunner.runChildren(ParentRunner.java:288)\r\n\tat org.junit.runners.ParentRunner.access$000(ParentRunner.java:58)\r\n\tat org.junit.runners.ParentRunner$2.evaluate(ParentRunner.java:268)\r\n\tat org.junit.runners.ParentRunner.run(ParentRunner.java:363)\r\n\tat cucumber.runtime.junit.FeatureRunner.run(FeatureRunner.java:70)\r\n\tat cucumber.api.junit.Cucumber.runChild(Cucumber.java:95)\r\n\tat cucumber.api.junit.Cucumber.runChild(Cucumber.java:38)\r\n\tat org.junit.runners.ParentRunner$3.run(ParentRunner.java:290)\r\n\tat org.junit.runners.ParentRunner$1.schedule(ParentRunner.java:71)\r\n\tat org.junit.runners.ParentRunner.runChildren(ParentRunner.java:288)\r\n\tat org.junit.runners.ParentRunner.access$000(ParentRunner.java:58)\r\n\tat org.junit.runners.ParentRunner$2.evaluate(ParentRunner.java:268)\r\n\tat org.junit.internal.runners.statements.RunBefores.evaluate(RunBefores.java:26)\r\n\tat org.junit.internal.runners.statements.RunAfters.evaluate(RunAfters.java:27)\r\n\tat org.junit.runners.ParentRunner.run(ParentRunner.java:363)\r\n\tat cucumber.api.junit.Cucumber.run(Cucumber.java:100)\r\n\tat org.eclipse.jdt.internal.junit4.runner.JUnit4TestReference.run(JUnit4TestReference.java:89)\r\n\tat org.eclipse.jdt.internal.junit.runner.TestExecution.run(TestExecution.java:41)\r\n\tat org.eclipse.jdt.internal.junit.runner.RemoteTestRunner.runTests(RemoteTestRunner.java:541)\r\n\tat org.eclipse.jdt.internal.junit.runner.RemoteTestRunner.runTests(RemoteTestRunner.java:763)\r\n\tat org.eclipse.jdt.internal.junit.runner.RemoteTestRunner.run(RemoteTestRunner.java:463)\r\n\tat org.eclipse.jdt.internal.junit.runner.RemoteTestRunner.main(RemoteTestRunner.java:209)\r\n",
              "status": "failed"
            },
            "match": {
              "location": "Step_Def.afterhooks(Scenario)"
            }
          }
        ],
        "type": "scenario",
        "keyword": "Scenario",
        "steps": [
          {
            "result": {
              "duration": 30122215400,
              "error_message": "org.openqa.selenium.NoSuchElementException: no such element: Unable to locate element: {\"method\":\"xpath\",\"selector\":\"//*[@id\u003d\"location\"]\"}\n  (Session info: chrome\u003d98.0.4758.102)\nFor documentation on this error, please visit: https://www.seleniumhq.org/exceptions/no_such_element.html\nBuild info: version: \u00273.141.59\u0027, revision: \u0027e82be7d358\u0027, time: \u00272018-11-14T08:17:03\u0027\nSystem info: host: \u0027DESKTOP-J0DQ7VP\u0027, ip: \u0027192.168.1.10\u0027, os.name: \u0027Windows 10\u0027, os.arch: \u0027amd64\u0027, os.version: \u002710.0\u0027, java.version: \u00271.8.0_281\u0027\nDriver info: org.openqa.selenium.chrome.ChromeDriver\nCapabilities {acceptInsecureCerts: false, browserName: chrome, browserVersion: 98.0.4758.102, chrome: {chromedriverVersion: 97.0.4692.71 (adefa7837d02a..., userDataDir: C:\\Users\\Admin\\AppData\\Loca...}, goog:chromeOptions: {debuggerAddress: localhost:57498}, javascriptEnabled: true, networkConnectionEnabled: false, pageLoadStrategy: normal, platform: WINDOWS, platformName: WINDOWS, proxy: Proxy(), setWindowRect: true, strictFileInteractability: false, timeouts: {implicit: 0, pageLoad: 300000, script: 30000}, unhandledPromptBehavior: dismiss and notify, webauthn:extension:credBlob: true, webauthn:extension:largeBlob: true, webauthn:virtualAuthenticators: true}\nSession ID: 5c88032ced5963e4327f9bd31aba6c0a\n*** Element info: {Using\u003dxpath, value\u003d//*[@id\u003d\"location\"]}\r\n\tat sun.reflect.NativeConstructorAccessorImpl.newInstance0(Native Method)\r\n\tat sun.reflect.NativeConstructorAccessorImpl.newInstance(Unknown Source)\r\n\tat sun.reflect.DelegatingConstructorAccessorImpl.newInstance(Unknown Source)\r\n\tat java.lang.reflect.Constructor.newInstance(Unknown Source)\r\n\tat org.openqa.selenium.remote.http.W3CHttpResponseCodec.createException(W3CHttpResponseCodec.java:187)\r\n\tat org.openqa.selenium.remote.http.W3CHttpResponseCodec.decode(W3CHttpResponseCodec.java:122)\r\n\tat org.openqa.selenium.remote.http.W3CHttpResponseCodec.decode(W3CHttpResponseCodec.java:49)\r\n\tat org.openqa.selenium.remote.HttpCommandExecutor.execute(HttpCommandExecutor.java:158)\r\n\tat org.openqa.selenium.remote.service.DriverCommandExecutor.execute(DriverCommandExecutor.java:83)\r\n\tat org.openqa.selenium.remote.RemoteWebDriver.execute(RemoteWebDriver.java:552)\r\n\tat org.openqa.selenium.remote.RemoteWebDriver.findElement(RemoteWebDriver.java:323)\r\n\tat org.openqa.selenium.remote.RemoteWebDriver.findElementByXPath(RemoteWebDriver.java:428)\r\n\tat org.openqa.selenium.By$ByXPath.findElement(By.java:353)\r\n\tat org.openqa.selenium.remote.RemoteWebDriver.findElement(RemoteWebDriver.java:315)\r\n\tat org.openqa.selenium.support.pagefactory.DefaultElementLocator.findElement(DefaultElementLocator.java:69)\r\n\tat org.openqa.selenium.support.pagefactory.internal.LocatingElementHandler.invoke(LocatingElementHandler.java:38)\r\n\tat com.sun.proxy.$Proxy19.getTagName(Unknown Source)\r\n\tat org.openqa.selenium.support.ui.Select.\u003cinit\u003e(Select.java:45)\r\n\tat com.Adactin_Baseclass.BaseClass.dropselect(BaseClass.java:148)\r\n\tat com.sd.Step_Def.user_Search_And_Select_The_Location_In_Location_Dialbox(Step_Def.java:93)\r\n\tat ✽.When user Search And Select The Location\u003e In Location Dialbox \"New York\"(C:/Users/Admin/eclipse-workspace/Cucumber_Project/Feature/Project.feature:21)\r\n",
              "status": "failed"
            },
            "line": 21,
            "name": "user Search And Select The Location\u003e In Location Dialbox \"New York\"",
            "match": {
              "arguments": [
                {
                  "val": "New York",
                  "offset": 58
                }
              ],
              "location": "Step_Def.user_Search_And_Select_The_Location_In_Location_Dialbox(String)"
            },
            "keyword": "When "
          },
          {
            "result": {
              "status": "skipped"
            },
            "line": 22,
            "name": "user Search And Select The Hotels In The Hotel Dialbox",
            "match": {
              "location": "Step_Def.user_Search_And_Select_The_Hotels_In_The_Hotel_Dialbox()"
            },
            "keyword": "And "
          },
          {
            "result": {
              "status": "skipped"
            },
            "line": 23,
            "name": "user Search And Select The Roomtype  In The Roomtype Dialbox",
            "match": {
              "location": "Step_Def.user_Search_And_Select_The_Roomtype_In_The_Roomtype_Dialbox()"
            },
            "keyword": "And "
          },
          {
            "result": {
              "status": "skipped"
            },
            "line": 24,
            "name": "user Search And Select The Number_Of_Rooms  In The Numberofrooms Dialbox",
            "match": {
              "location": "Step_Def.user_Search_And_Select_The_Number_Of_Rooms_In_The_Numberofrooms_Dialbox()"
            },
            "keyword": "And "
          },
          {
            "result": {
              "status": "skipped"
            },
            "line": 25,
            "name": "user  Select The Check_In_Date  In The Checkindate Dialbox",
            "match": {
              "location": "Step_Def.user_Select_The_Check_In_Date_In_The_Checkindate_Dialbox()"
            },
            "keyword": "And "
          },
          {
            "result": {
              "status": "skipped"
            },
            "line": 26,
            "name": "user  Select The Check_Out_Date  In The Check_Out_Date Dialbox",
            "match": {
              "location": "Step_Def.user_Select_The_Check_Out_Date_In_The_Check_Out_Date_Dialbox()"
            },
            "keyword": "And "
          },
          {
            "result": {
              "status": "skipped"
            },
            "line": 27,
            "name": "user Select Adults_Per_Room  In The Dialbox",
            "match": {
              "location": "Step_Def.user_Select_Adults_Per_Room_In_The_Dialbox()"
            },
            "keyword": "And "
          },
          {
            "result": {
              "status": "skipped"
            },
            "line": 28,
            "name": "user Select The Children_Room In The Correct Dialbox",
            "match": {
              "location": "Step_Def.user_Select_The_Children_Room_In_The_Correct_Dialbox()"
            },
            "keyword": "And "
          },
          {
            "result": {
              "status": "skipped"
            },
            "line": 29,
            "name": "user Click The Search_Button And It Navigate To HotelSelection Page",
            "match": {
              "location": "Step_Def.user_Click_The_Search_Button_And_It_Navigate_To_HotelSelection_Page()"
            },
            "keyword": "Then "
          }
        ],
        "tags": [
          {
            "line": 18,
            "name": "@Ad2"
          }
        ]
      },
      {
        "before": [
          {
            "result": {
              "duration": 182100,
              "status": "passed"
            },
            "match": {
              "location": "Step_Def.beforeHooks(Scenario)"
            }
          }
        ],
        "line": 32,
        "name": "Select Hotel",
        "description": "",
        "id": "hotel-booking-in-adactin-application;select-hotel",
        "after": [
          {
            "result": {
              "duration": 1146278500,
              "error_message": "java.lang.IllegalArgumentException: Parameter \u0027destFile\u0027 is not a file: C:\\Users\\Admin\\eclipse-workspace\\Cucumber_Project\\Screenshot\r\n\tat org.apache.commons.io.FileUtils.requireFile(FileUtils.java:2737)\r\n\tat org.apache.commons.io.FileUtils.requireFileIfExists(FileUtils.java:2766)\r\n\tat org.apache.commons.io.FileUtils.copyFile(FileUtils.java:844)\r\n\tat org.apache.commons.io.FileUtils.copyFile(FileUtils.java:756)\r\n\tat com.sd.Step_Def.afterhooks(Step_Def.java:52)\r\n\tat sun.reflect.NativeMethodAccessorImpl.invoke0(Native Method)\r\n\tat sun.reflect.NativeMethodAccessorImpl.invoke(Unknown Source)\r\n\tat sun.reflect.DelegatingMethodAccessorImpl.invoke(Unknown Source)\r\n\tat java.lang.reflect.Method.invoke(Unknown Source)\r\n\tat cucumber.runtime.Utils$1.call(Utils.java:40)\r\n\tat cucumber.runtime.Timeout.timeout(Timeout.java:16)\r\n\tat cucumber.runtime.Utils.invoke(Utils.java:34)\r\n\tat cucumber.runtime.java.JavaHookDefinition.execute(JavaHookDefinition.java:60)\r\n\tat cucumber.runtime.Runtime.runHookIfTagsMatch(Runtime.java:224)\r\n\tat cucumber.runtime.Runtime.runHooks(Runtime.java:212)\r\n\tat cucumber.runtime.Runtime.runAfterHooks(Runtime.java:206)\r\n\tat cucumber.runtime.model.CucumberScenario.run(CucumberScenario.java:46)\r\n\tat cucumber.runtime.junit.ExecutionUnitRunner.run(ExecutionUnitRunner.java:102)\r\n\tat cucumber.runtime.junit.FeatureRunner.runChild(FeatureRunner.java:63)\r\n\tat cucumber.runtime.junit.FeatureRunner.runChild(FeatureRunner.java:18)\r\n\tat org.junit.runners.ParentRunner$3.run(ParentRunner.java:290)\r\n\tat org.junit.runners.ParentRunner$1.schedule(ParentRunner.java:71)\r\n\tat org.junit.runners.ParentRunner.runChildren(ParentRunner.java:288)\r\n\tat org.junit.runners.ParentRunner.access$000(ParentRunner.java:58)\r\n\tat org.junit.runners.ParentRunner$2.evaluate(ParentRunner.java:268)\r\n\tat org.junit.runners.ParentRunner.run(ParentRunner.java:363)\r\n\tat cucumber.runtime.junit.FeatureRunner.run(FeatureRunner.java:70)\r\n\tat cucumber.api.junit.Cucumber.runChild(Cucumber.java:95)\r\n\tat cucumber.api.junit.Cucumber.runChild(Cucumber.java:38)\r\n\tat org.junit.runners.ParentRunner$3.run(ParentRunner.java:290)\r\n\tat org.junit.runners.ParentRunner$1.schedule(ParentRunner.java:71)\r\n\tat org.junit.runners.ParentRunner.runChildren(ParentRunner.java:288)\r\n\tat org.junit.runners.ParentRunner.access$000(ParentRunner.java:58)\r\n\tat org.junit.runners.ParentRunner$2.evaluate(ParentRunner.java:268)\r\n\tat org.junit.internal.runners.statements.RunBefores.evaluate(RunBefores.java:26)\r\n\tat org.junit.internal.runners.statements.RunAfters.evaluate(RunAfters.java:27)\r\n\tat org.junit.runners.ParentRunner.run(ParentRunner.java:363)\r\n\tat cucumber.api.junit.Cucumber.run(Cucumber.java:100)\r\n\tat org.eclipse.jdt.internal.junit4.runner.JUnit4TestReference.run(JUnit4TestReference.java:89)\r\n\tat org.eclipse.jdt.internal.junit.runner.TestExecution.run(TestExecution.java:41)\r\n\tat org.eclipse.jdt.internal.junit.runner.RemoteTestRunner.runTests(RemoteTestRunner.java:541)\r\n\tat org.eclipse.jdt.internal.junit.runner.RemoteTestRunner.runTests(RemoteTestRunner.java:763)\r\n\tat org.eclipse.jdt.internal.junit.runner.RemoteTestRunner.run(RemoteTestRunner.java:463)\r\n\tat org.eclipse.jdt.internal.junit.runner.RemoteTestRunner.main(RemoteTestRunner.java:209)\r\n",
              "status": "failed"
            },
            "match": {
              "location": "Step_Def.afterhooks(Scenario)"
            }
          }
        ],
        "type": "scenario",
        "keyword": "Scenario",
        "steps": [
          {
            "result": {
              "duration": 30109282000,
              "error_message": "org.openqa.selenium.NoSuchElementException: no such element: Unable to locate element: {\"method\":\"css selector\",\"selector\":\"*[name\u003d\u0027radiobutton_0\u0027]\"}\n  (Session info: chrome\u003d98.0.4758.102)\nFor documentation on this error, please visit: https://www.seleniumhq.org/exceptions/no_such_element.html\nBuild info: version: \u00273.141.59\u0027, revision: \u0027e82be7d358\u0027, time: \u00272018-11-14T08:17:03\u0027\nSystem info: host: \u0027DESKTOP-J0DQ7VP\u0027, ip: \u0027192.168.1.10\u0027, os.name: \u0027Windows 10\u0027, os.arch: \u0027amd64\u0027, os.version: \u002710.0\u0027, java.version: \u00271.8.0_281\u0027\nDriver info: org.openqa.selenium.chrome.ChromeDriver\nCapabilities {acceptInsecureCerts: false, browserName: chrome, browserVersion: 98.0.4758.102, chrome: {chromedriverVersion: 97.0.4692.71 (adefa7837d02a..., userDataDir: C:\\Users\\Admin\\AppData\\Loca...}, goog:chromeOptions: {debuggerAddress: localhost:57498}, javascriptEnabled: true, networkConnectionEnabled: false, pageLoadStrategy: normal, platform: WINDOWS, platformName: WINDOWS, proxy: Proxy(), setWindowRect: true, strictFileInteractability: false, timeouts: {implicit: 0, pageLoad: 300000, script: 30000}, unhandledPromptBehavior: dismiss and notify, webauthn:extension:credBlob: true, webauthn:extension:largeBlob: true, webauthn:virtualAuthenticators: true}\nSession ID: 5c88032ced5963e4327f9bd31aba6c0a\n*** Element info: {Using\u003dname, value\u003dradiobutton_0}\r\n\tat sun.reflect.NativeConstructorAccessorImpl.newInstance0(Native Method)\r\n\tat sun.reflect.NativeConstructorAccessorImpl.newInstance(Unknown Source)\r\n\tat sun.reflect.DelegatingConstructorAccessorImpl.newInstance(Unknown Source)\r\n\tat java.lang.reflect.Constructor.newInstance(Unknown Source)\r\n\tat org.openqa.selenium.remote.http.W3CHttpResponseCodec.createException(W3CHttpResponseCodec.java:187)\r\n\tat org.openqa.selenium.remote.http.W3CHttpResponseCodec.decode(W3CHttpResponseCodec.java:122)\r\n\tat org.openqa.selenium.remote.http.W3CHttpResponseCodec.decode(W3CHttpResponseCodec.java:49)\r\n\tat org.openqa.selenium.remote.HttpCommandExecutor.execute(HttpCommandExecutor.java:158)\r\n\tat org.openqa.selenium.remote.service.DriverCommandExecutor.execute(DriverCommandExecutor.java:83)\r\n\tat org.openqa.selenium.remote.RemoteWebDriver.execute(RemoteWebDriver.java:552)\r\n\tat org.openqa.selenium.remote.RemoteWebDriver.findElement(RemoteWebDriver.java:323)\r\n\tat org.openqa.selenium.remote.RemoteWebDriver.findElementByName(RemoteWebDriver.java:404)\r\n\tat org.openqa.selenium.By$ByName.findElement(By.java:284)\r\n\tat org.openqa.selenium.remote.RemoteWebDriver.findElement(RemoteWebDriver.java:315)\r\n\tat org.openqa.selenium.support.pagefactory.DefaultElementLocator.findElement(DefaultElementLocator.java:69)\r\n\tat org.openqa.selenium.support.pagefactory.internal.LocatingElementHandler.invoke(LocatingElementHandler.java:38)\r\n\tat com.sun.proxy.$Proxy19.click(Unknown Source)\r\n\tat com.Adactin_Baseclass.BaseClass.clickOptions(BaseClass.java:285)\r\n\tat com.sd.Step_Def.user_Select_The_Radi_Button_In_the_Selected_Hotel_List(Step_Def.java:150)\r\n\tat ✽.When user Select The Radi_Button In the Selected Hotel_List(C:/Users/Admin/eclipse-workspace/Cucumber_Project/Feature/Project.feature:33)\r\n",
              "status": "failed"
            },
            "line": 33,
            "name": "user Select The Radi_Button In the Selected Hotel_List",
            "match": {
              "location": "Step_Def.user_Select_The_Radi_Button_In_the_Selected_Hotel_List()"
            },
            "keyword": "When "
          },
          {
            "result": {
              "status": "skipped"
            },
            "line": 34,
            "name": "user Click The Continue Button And  It navigate To The Payment Details",
            "match": {
              "location": "Step_Def.user_Click_The_Continue_Button_And_It_navigate_To_The_Payment_Details()"
            },
            "keyword": "Then "
          }
        ],
        "tags": [
          {
            "line": 31,
            "name": "@Ad3"
          }
        ]
      },
      {
        "before": [
          {
            "result": {
              "duration": 170500,
              "status": "passed"
            },
            "match": {
              "location": "Step_Def.beforeHooks(Scenario)"
            }
          }
        ],
        "line": 36,
        "name": "Payment Page",
        "description": "",
        "id": "hotel-booking-in-adactin-application;payment-page",
        "after": [
          {
            "result": {
              "duration": 1487147200,
              "error_message": "java.lang.IllegalArgumentException: Parameter \u0027destFile\u0027 is not a file: C:\\Users\\Admin\\eclipse-workspace\\Cucumber_Project\\Screenshot\r\n\tat org.apache.commons.io.FileUtils.requireFile(FileUtils.java:2737)\r\n\tat org.apache.commons.io.FileUtils.requireFileIfExists(FileUtils.java:2766)\r\n\tat org.apache.commons.io.FileUtils.copyFile(FileUtils.java:844)\r\n\tat org.apache.commons.io.FileUtils.copyFile(FileUtils.java:756)\r\n\tat com.sd.Step_Def.afterhooks(Step_Def.java:52)\r\n\tat sun.reflect.NativeMethodAccessorImpl.invoke0(Native Method)\r\n\tat sun.reflect.NativeMethodAccessorImpl.invoke(Unknown Source)\r\n\tat sun.reflect.DelegatingMethodAccessorImpl.invoke(Unknown Source)\r\n\tat java.lang.reflect.Method.invoke(Unknown Source)\r\n\tat cucumber.runtime.Utils$1.call(Utils.java:40)\r\n\tat cucumber.runtime.Timeout.timeout(Timeout.java:16)\r\n\tat cucumber.runtime.Utils.invoke(Utils.java:34)\r\n\tat cucumber.runtime.java.JavaHookDefinition.execute(JavaHookDefinition.java:60)\r\n\tat cucumber.runtime.Runtime.runHookIfTagsMatch(Runtime.java:224)\r\n\tat cucumber.runtime.Runtime.runHooks(Runtime.java:212)\r\n\tat cucumber.runtime.Runtime.runAfterHooks(Runtime.java:206)\r\n\tat cucumber.runtime.model.CucumberScenario.run(CucumberScenario.java:46)\r\n\tat cucumber.runtime.junit.ExecutionUnitRunner.run(ExecutionUnitRunner.java:102)\r\n\tat cucumber.runtime.junit.FeatureRunner.runChild(FeatureRunner.java:63)\r\n\tat cucumber.runtime.junit.FeatureRunner.runChild(FeatureRunner.java:18)\r\n\tat org.junit.runners.ParentRunner$3.run(ParentRunner.java:290)\r\n\tat org.junit.runners.ParentRunner$1.schedule(ParentRunner.java:71)\r\n\tat org.junit.runners.ParentRunner.runChildren(ParentRunner.java:288)\r\n\tat org.junit.runners.ParentRunner.access$000(ParentRunner.java:58)\r\n\tat org.junit.runners.ParentRunner$2.evaluate(ParentRunner.java:268)\r\n\tat org.junit.runners.ParentRunner.run(ParentRunner.java:363)\r\n\tat cucumber.runtime.junit.FeatureRunner.run(FeatureRunner.java:70)\r\n\tat cucumber.api.junit.Cucumber.runChild(Cucumber.java:95)\r\n\tat cucumber.api.junit.Cucumber.runChild(Cucumber.java:38)\r\n\tat org.junit.runners.ParentRunner$3.run(ParentRunner.java:290)\r\n\tat org.junit.runners.ParentRunner$1.schedule(ParentRunner.java:71)\r\n\tat org.junit.runners.ParentRunner.runChildren(ParentRunner.java:288)\r\n\tat org.junit.runners.ParentRunner.access$000(ParentRunner.java:58)\r\n\tat org.junit.runners.ParentRunner$2.evaluate(ParentRunner.java:268)\r\n\tat org.junit.internal.runners.statements.RunBefores.evaluate(RunBefores.java:26)\r\n\tat org.junit.internal.runners.statements.RunAfters.evaluate(RunAfters.java:27)\r\n\tat org.junit.runners.ParentRunner.run(ParentRunner.java:363)\r\n\tat cucumber.api.junit.Cucumber.run(Cucumber.java:100)\r\n\tat org.eclipse.jdt.internal.junit4.runner.JUnit4TestReference.run(JUnit4TestReference.java:89)\r\n\tat org.eclipse.jdt.internal.junit.runner.TestExecution.run(TestExecution.java:41)\r\n\tat org.eclipse.jdt.internal.junit.runner.RemoteTestRunner.runTests(RemoteTestRunner.java:541)\r\n\tat org.eclipse.jdt.internal.junit.runner.RemoteTestRunner.runTests(RemoteTestRunner.java:763)\r\n\tat org.eclipse.jdt.internal.junit.runner.RemoteTestRunner.run(RemoteTestRunner.java:463)\r\n\tat org.eclipse.jdt.internal.junit.runner.RemoteTestRunner.main(RemoteTestRunner.java:209)\r\n",
              "status": "failed"
            },
            "match": {
              "location": "Step_Def.afterhooks(Scenario)"
            }
          }
        ],
        "type": "scenario",
        "keyword": "Scenario",
        "steps": [
          {
            "result": {
              "duration": 30367071000,
              "error_message": "org.openqa.selenium.NoSuchElementException: no such element: Unable to locate element: {\"method\":\"css selector\",\"selector\":\"*[name\u003d\u0027first_name\u0027]\"}\n  (Session info: chrome\u003d98.0.4758.102)\nFor documentation on this error, please visit: https://www.seleniumhq.org/exceptions/no_such_element.html\nBuild info: version: \u00273.141.59\u0027, revision: \u0027e82be7d358\u0027, time: \u00272018-11-14T08:17:03\u0027\nSystem info: host: \u0027DESKTOP-J0DQ7VP\u0027, ip: \u0027192.168.1.10\u0027, os.name: \u0027Windows 10\u0027, os.arch: \u0027amd64\u0027, os.version: \u002710.0\u0027, java.version: \u00271.8.0_281\u0027\nDriver info: org.openqa.selenium.chrome.ChromeDriver\nCapabilities {acceptInsecureCerts: false, browserName: chrome, browserVersion: 98.0.4758.102, chrome: {chromedriverVersion: 97.0.4692.71 (adefa7837d02a..., userDataDir: C:\\Users\\Admin\\AppData\\Loca...}, goog:chromeOptions: {debuggerAddress: localhost:57498}, javascriptEnabled: true, networkConnectionEnabled: false, pageLoadStrategy: normal, platform: WINDOWS, platformName: WINDOWS, proxy: Proxy(), setWindowRect: true, strictFileInteractability: false, timeouts: {implicit: 0, pageLoad: 300000, script: 30000}, unhandledPromptBehavior: dismiss and notify, webauthn:extension:credBlob: true, webauthn:extension:largeBlob: true, webauthn:virtualAuthenticators: true}\nSession ID: 5c88032ced5963e4327f9bd31aba6c0a\n*** Element info: {Using\u003dname, value\u003dfirst_name}\r\n\tat sun.reflect.NativeConstructorAccessorImpl.newInstance0(Native Method)\r\n\tat sun.reflect.NativeConstructorAccessorImpl.newInstance(Unknown Source)\r\n\tat sun.reflect.DelegatingConstructorAccessorImpl.newInstance(Unknown Source)\r\n\tat java.lang.reflect.Constructor.newInstance(Unknown Source)\r\n\tat org.openqa.selenium.remote.http.W3CHttpResponseCodec.createException(W3CHttpResponseCodec.java:187)\r\n\tat org.openqa.selenium.remote.http.W3CHttpResponseCodec.decode(W3CHttpResponseCodec.java:122)\r\n\tat org.openqa.selenium.remote.http.W3CHttpResponseCodec.decode(W3CHttpResponseCodec.java:49)\r\n\tat org.openqa.selenium.remote.HttpCommandExecutor.execute(HttpCommandExecutor.java:158)\r\n\tat org.openqa.selenium.remote.service.DriverCommandExecutor.execute(DriverCommandExecutor.java:83)\r\n\tat org.openqa.selenium.remote.RemoteWebDriver.execute(RemoteWebDriver.java:552)\r\n\tat org.openqa.selenium.remote.RemoteWebDriver.findElement(RemoteWebDriver.java:323)\r\n\tat org.openqa.selenium.remote.RemoteWebDriver.findElementByName(RemoteWebDriver.java:404)\r\n\tat org.openqa.selenium.By$ByName.findElement(By.java:284)\r\n\tat org.openqa.selenium.remote.RemoteWebDriver.findElement(RemoteWebDriver.java:315)\r\n\tat org.openqa.selenium.support.pagefactory.DefaultElementLocator.findElement(DefaultElementLocator.java:69)\r\n\tat org.openqa.selenium.support.pagefactory.internal.LocatingElementHandler.invoke(LocatingElementHandler.java:38)\r\n\tat com.sun.proxy.$Proxy19.sendKeys(Unknown Source)\r\n\tat com.Adactin_Baseclass.BaseClass.inputvalues(BaseClass.java:280)\r\n\tat com.sd.Step_Def.user_Enter_The_Firstname_In_The_Firstname_Field(Step_Def.java:161)\r\n\tat ✽.When user Enter The Firstname In The Firstname Field(C:/Users/Admin/eclipse-workspace/Cucumber_Project/Feature/Project.feature:37)\r\n",
              "status": "failed"
            },
            "line": 37,
            "name": "user Enter The Firstname In The Firstname Field",
            "match": {
              "location": "Step_Def.user_Enter_The_Firstname_In_The_Firstname_Field()"
            },
            "keyword": "When "
          },
          {
            "result": {
              "status": "skipped"
            },
            "line": 38,
            "name": "user Enter The Lastname In The Lastname Field",
            "match": {
              "location": "Step_Def.user_Enter_The_Lastname_In_The_Lastname_Field()"
            },
            "keyword": "And "
          },
          {
            "result": {
              "status": "skipped"
            },
            "line": 39,
            "name": "user Enter The Billing-Address In The Billing_Address Field",
            "match": {
              "location": "Step_Def.user_Enter_The_Billing_Address_In_The_Billing_Address_Field()"
            },
            "keyword": "And "
          },
          {
            "result": {
              "status": "skipped"
            },
            "line": 40,
            "name": "user Enter The Card_Number In The Card_Number Field",
            "match": {
              "location": "Step_Def.user_Enter_The_Card_Number_In_The_Card_Number_Field()"
            },
            "keyword": "And "
          },
          {
            "result": {
              "status": "skipped"
            },
            "line": 41,
            "name": "user Select The Card_Type In The Card_Type Field",
            "match": {
              "location": "Step_Def.user_Select_The_Card_Type_In_The_Card_Type_Field()"
            },
            "keyword": "And "
          },
          {
            "result": {
              "status": "skipped"
            },
            "line": 42,
            "name": "user Select The Expiry_Date And Month",
            "match": {
              "location": "Step_Def.user_Select_The_Expiry_Date_And_Month()"
            },
            "keyword": "And "
          },
          {
            "result": {
              "status": "skipped"
            },
            "line": 43,
            "name": "user Enter The Card_CVV In The Filed",
            "match": {
              "location": "Step_Def.user_Enter_The_Card_CVV_In_The_Filed()"
            },
            "keyword": "And "
          },
          {
            "result": {
              "status": "skipped"
            },
            "line": 44,
            "name": "user Click The Booknow Button And It Navigate To The Booking Conformation Page",
            "match": {
              "location": "Step_Def.user_Click_The_Booknow_Button_And_It_Navigate_To_The_Booking_Conformation_Page()"
            },
            "keyword": "Then "
          }
        ],
        "tags": [
          {
            "line": 35,
            "name": "@Ad4"
          }
        ]
      },
      {
        "before": [
          {
            "result": {
              "duration": 2734100,
              "status": "passed"
            },
            "match": {
              "location": "Step_Def.beforeHooks(Scenario)"
            }
          }
        ],
        "line": 46,
        "name": "Conformation Hotel",
        "description": "",
        "id": "hotel-booking-in-adactin-application;conformation-hotel",
        "after": [
          {
            "result": {
              "duration": 1013043700,
              "error_message": "java.lang.IllegalArgumentException: Parameter \u0027destFile\u0027 is not a file: C:\\Users\\Admin\\eclipse-workspace\\Cucumber_Project\\Screenshot\r\n\tat org.apache.commons.io.FileUtils.requireFile(FileUtils.java:2737)\r\n\tat org.apache.commons.io.FileUtils.requireFileIfExists(FileUtils.java:2766)\r\n\tat org.apache.commons.io.FileUtils.copyFile(FileUtils.java:844)\r\n\tat org.apache.commons.io.FileUtils.copyFile(FileUtils.java:756)\r\n\tat com.sd.Step_Def.afterhooks(Step_Def.java:52)\r\n\tat sun.reflect.NativeMethodAccessorImpl.invoke0(Native Method)\r\n\tat sun.reflect.NativeMethodAccessorImpl.invoke(Unknown Source)\r\n\tat sun.reflect.DelegatingMethodAccessorImpl.invoke(Unknown Source)\r\n\tat java.lang.reflect.Method.invoke(Unknown Source)\r\n\tat cucumber.runtime.Utils$1.call(Utils.java:40)\r\n\tat cucumber.runtime.Timeout.timeout(Timeout.java:16)\r\n\tat cucumber.runtime.Utils.invoke(Utils.java:34)\r\n\tat cucumber.runtime.java.JavaHookDefinition.execute(JavaHookDefinition.java:60)\r\n\tat cucumber.runtime.Runtime.runHookIfTagsMatch(Runtime.java:224)\r\n\tat cucumber.runtime.Runtime.runHooks(Runtime.java:212)\r\n\tat cucumber.runtime.Runtime.runAfterHooks(Runtime.java:206)\r\n\tat cucumber.runtime.model.CucumberScenario.run(CucumberScenario.java:46)\r\n\tat cucumber.runtime.junit.ExecutionUnitRunner.run(ExecutionUnitRunner.java:102)\r\n\tat cucumber.runtime.junit.FeatureRunner.runChild(FeatureRunner.java:63)\r\n\tat cucumber.runtime.junit.FeatureRunner.runChild(FeatureRunner.java:18)\r\n\tat org.junit.runners.ParentRunner$3.run(ParentRunner.java:290)\r\n\tat org.junit.runners.ParentRunner$1.schedule(ParentRunner.java:71)\r\n\tat org.junit.runners.ParentRunner.runChildren(ParentRunner.java:288)\r\n\tat org.junit.runners.ParentRunner.access$000(ParentRunner.java:58)\r\n\tat org.junit.runners.ParentRunner$2.evaluate(ParentRunner.java:268)\r\n\tat org.junit.runners.ParentRunner.run(ParentRunner.java:363)\r\n\tat cucumber.runtime.junit.FeatureRunner.run(FeatureRunner.java:70)\r\n\tat cucumber.api.junit.Cucumber.runChild(Cucumber.java:95)\r\n\tat cucumber.api.junit.Cucumber.runChild(Cucumber.java:38)\r\n\tat org.junit.runners.ParentRunner$3.run(ParentRunner.java:290)\r\n\tat org.junit.runners.ParentRunner$1.schedule(ParentRunner.java:71)\r\n\tat org.junit.runners.ParentRunner.runChildren(ParentRunner.java:288)\r\n\tat org.junit.runners.ParentRunner.access$000(ParentRunner.java:58)\r\n\tat org.junit.runners.ParentRunner$2.evaluate(ParentRunner.java:268)\r\n\tat org.junit.internal.runners.statements.RunBefores.evaluate(RunBefores.java:26)\r\n\tat org.junit.internal.runners.statements.RunAfters.evaluate(RunAfters.java:27)\r\n\tat org.junit.runners.ParentRunner.run(ParentRunner.java:363)\r\n\tat cucumber.api.junit.Cucumber.run(Cucumber.java:100)\r\n\tat org.eclipse.jdt.internal.junit4.runner.JUnit4TestReference.run(JUnit4TestReference.java:89)\r\n\tat org.eclipse.jdt.internal.junit.runner.TestExecution.run(TestExecution.java:41)\r\n\tat org.eclipse.jdt.internal.junit.runner.RemoteTestRunner.runTests(RemoteTestRunner.java:541)\r\n\tat org.eclipse.jdt.internal.junit.runner.RemoteTestRunner.runTests(RemoteTestRunner.java:763)\r\n\tat org.eclipse.jdt.internal.junit.runner.RemoteTestRunner.run(RemoteTestRunner.java:463)\r\n\tat org.eclipse.jdt.internal.junit.runner.RemoteTestRunner.main(RemoteTestRunner.java:209)\r\n",
              "status": "failed"
            },
            "match": {
              "location": "Step_Def.afterhooks(Scenario)"
            }
          }
        ],
        "type": "scenario",
        "keyword": "Scenario",
        "steps": [
          {
            "result": {
              "duration": 30181194600,
              "error_message": "org.openqa.selenium.NoSuchElementException: no such element: Unable to locate element: {\"method\":\"css selector\",\"selector\":\"*[name\u003d\u0027my_itinerary\u0027]\"}\n  (Session info: chrome\u003d98.0.4758.102)\nFor documentation on this error, please visit: https://www.seleniumhq.org/exceptions/no_such_element.html\nBuild info: version: \u00273.141.59\u0027, revision: \u0027e82be7d358\u0027, time: \u00272018-11-14T08:17:03\u0027\nSystem info: host: \u0027DESKTOP-J0DQ7VP\u0027, ip: \u0027192.168.1.10\u0027, os.name: \u0027Windows 10\u0027, os.arch: \u0027amd64\u0027, os.version: \u002710.0\u0027, java.version: \u00271.8.0_281\u0027\nDriver info: org.openqa.selenium.chrome.ChromeDriver\nCapabilities {acceptInsecureCerts: false, browserName: chrome, browserVersion: 98.0.4758.102, chrome: {chromedriverVersion: 97.0.4692.71 (adefa7837d02a..., userDataDir: C:\\Users\\Admin\\AppData\\Loca...}, goog:chromeOptions: {debuggerAddress: localhost:57498}, javascriptEnabled: true, networkConnectionEnabled: false, pageLoadStrategy: normal, platform: WINDOWS, platformName: WINDOWS, proxy: Proxy(), setWindowRect: true, strictFileInteractability: false, timeouts: {implicit: 0, pageLoad: 300000, script: 30000}, unhandledPromptBehavior: dismiss and notify, webauthn:extension:credBlob: true, webauthn:extension:largeBlob: true, webauthn:virtualAuthenticators: true}\nSession ID: 5c88032ced5963e4327f9bd31aba6c0a\n*** Element info: {Using\u003dname, value\u003dmy_itinerary}\r\n\tat sun.reflect.NativeConstructorAccessorImpl.newInstance0(Native Method)\r\n\tat sun.reflect.NativeConstructorAccessorImpl.newInstance(Unknown Source)\r\n\tat sun.reflect.DelegatingConstructorAccessorImpl.newInstance(Unknown Source)\r\n\tat java.lang.reflect.Constructor.newInstance(Unknown Source)\r\n\tat org.openqa.selenium.remote.http.W3CHttpResponseCodec.createException(W3CHttpResponseCodec.java:187)\r\n\tat org.openqa.selenium.remote.http.W3CHttpResponseCodec.decode(W3CHttpResponseCodec.java:122)\r\n\tat org.openqa.selenium.remote.http.W3CHttpResponseCodec.decode(W3CHttpResponseCodec.java:49)\r\n\tat org.openqa.selenium.remote.HttpCommandExecutor.execute(HttpCommandExecutor.java:158)\r\n\tat org.openqa.selenium.remote.service.DriverCommandExecutor.execute(DriverCommandExecutor.java:83)\r\n\tat org.openqa.selenium.remote.RemoteWebDriver.execute(RemoteWebDriver.java:552)\r\n\tat org.openqa.selenium.remote.RemoteWebDriver.findElement(RemoteWebDriver.java:323)\r\n\tat org.openqa.selenium.remote.RemoteWebDriver.findElementByName(RemoteWebDriver.java:404)\r\n\tat org.openqa.selenium.By$ByName.findElement(By.java:284)\r\n\tat org.openqa.selenium.remote.RemoteWebDriver.findElement(RemoteWebDriver.java:315)\r\n\tat org.openqa.selenium.support.pagefactory.DefaultElementLocator.findElement(DefaultElementLocator.java:69)\r\n\tat org.openqa.selenium.support.pagefactory.internal.LocatingElementHandler.invoke(LocatingElementHandler.java:38)\r\n\tat com.sun.proxy.$Proxy19.click(Unknown Source)\r\n\tat com.Adactin_Baseclass.BaseClass.clickOptions(BaseClass.java:285)\r\n\tat com.sd.Step_Def.user_Click_The_Itinerary_Button_It_Navigate_To_Booked_Itinerary(Step_Def.java:210)\r\n\tat ✽.When user Click The Itinerary Button It Navigate To Booked Itinerary(C:/Users/Admin/eclipse-workspace/Cucumber_Project/Feature/Project.feature:47)\r\n",
              "status": "failed"
            },
            "line": 47,
            "name": "user Click The Itinerary Button It Navigate To Booked Itinerary",
            "match": {
              "location": "Step_Def.user_Click_The_Itinerary_Button_It_Navigate_To_Booked_Itinerary()"
            },
            "keyword": "When "
          },
          {
            "result": {
              "status": "skipped"
            },
            "line": 48,
            "name": "user Finally Click The Logout Button",
            "match": {
              "location": "Step_Def.user_Finally_Click_The_Logout_Button()"
            },
            "keyword": "Then "
          }
        ],
        "tags": [
          {
            "line": 45,
            "name": "@Ad4"
          }
        ]
      }
    ],
    "name": "Hotel Booking In Adactin Application",
    "description": "",
    "id": "hotel-booking-in-adactin-application",
    "keyword": "Feature",
    "uri": "C:/Users/Admin/eclipse-workspace/Cucumber_Project/Feature/Project.feature"
  }
]